#
# There is insufficient memory for the Java Runtime Environment to continue.
# Native memory allocation (mmap) failed to map 264241152 bytes. Error detail: G1 virtual space
# Possible reasons:
#   The system is out of physical RAM or swap space
#   This process is running with CompressedOops enabled, and the Java Heap may be blocking the growth of the native heap
# Possible solutions:
#   Reduce memory load on the system
#   Increase physical memory or swap space
#   Check if swap backing store is full
#   Decrease Java heap size (-Xmx/-Xms)
#   Decrease number of Java threads
#   Decrease Java thread stack sizes (-Xss)
#   Set larger code cache with -XX:ReservedCodeCacheSize=
#   JVM is running with Zero Based Compressed Oops mode in which the Java heap is
#     placed in the first 32GB address space. The Java Heap base address is the
#     maximum limit for the native heap growth. Please use -XX:HeapBaseMinAddress
#     to set the Java Heap base and to place the Java Heap above 32GB virtual address.
# This output file may be truncated or incomplete.
#
#  Out of Memory Error (os_windows.cpp:3828), pid=22976, tid=23064
#
# JRE version:  (21.0.5) (build )
# Java VM: OpenJDK 64-Bit Server VM (21.0.5+-13047016-b750.29, mixed mode, sharing, tiered, compressed oops, compressed class ptrs, g1 gc, windows-amd64)
# No core dump will be written. Minidumps are not enabled by default on client versions of Windows
#

---------------  S U M M A R Y ------------

Command Line: org.jetbrains.kotlin.cli.jvm.K2JVMCompiler @D:\DATA\Belajar\Compose\AISCompose\aiscompose\app\build\20250724_1610739548074872532.compiler.options

Host: 11th Gen Intel(R) Core(TM) i7-1165G7 @ 2.80GHz, 8 cores, 15G,  Windows 11 , 64 bit Build 22621 (10.0.22621.5415)
Time: Thu Jul 24 14:01:33 2025 SE Asia Standard Time elapsed time: 0.027117 seconds (0d 0h 0m 0s)

---------------  T H R E A D  ---------------

Current thread (0x000001d218cdd720):  JavaThread "Unknown thread" [_thread_in_vm, id=23064, stack(0x0000007990700000,0x0000007990800000) (1024K)]

Stack: [0x0000007990700000,0x0000007990800000]
Native frames: (J=compiled Java code, j=interpreted, Vv=VM code, C=native code)
V  [jvm.dll+0x6cfb29]
V  [jvm.dll+0x85df93]
V  [jvm.dll+0x8604ee]
V  [jvm.dll+0x860bd3]
V  [jvm.dll+0x27e6b6]
V  [jvm.dll+0x6cc385]
V  [jvm.dll+0x6c078a]
V  [jvm.dll+0x35525b]
V  [jvm.dll+0x35ceb6]
V  [jvm.dll+0x3aedd6]
V  [jvm.dll+0x3af0a8]
V  [jvm.dll+0x32792c]
V  [jvm.dll+0x32861b]
V  [jvm.dll+0x8259d9]
V  [jvm.dll+0x3bbfa8]
V  [jvm.dll+0x80ec88]
V  [jvm.dll+0x45015e]
V  [jvm.dll+0x4518c1]
C  [jli.dll+0x52ab]
C  [ucrtbase.dll+0x29333]
C  [KERNEL32.DLL+0x1259d]
C  [ntdll.dll+0x5af78]


---------------  P R O C E S S  ---------------

Threads class SMR info:
_java_thread_list=0x00007ff8946e0808, length=0, elements={
}

Java Threads: ( => current thread )
Total: 0

Other Threads:
  0x000001d21b06fbc0 WorkerThread "GC Thread#0"                     [id=23068, stack(0x0000007990800000,0x0000007990900000) (1024K)]
  0x000001d21b0806f0 ConcurrentGCThread "G1 Main Marker"            [id=23072, stack(0x0000007990900000,0x0000007990a00000) (1024K)]
  0x000001d21b081a00 WorkerThread "G1 Conc#0"                       [id=23076, stack(0x0000007990a00000,0x0000007990b00000) (1024K)]

[error occurred during error reporting (printing all threads), id 0xc0000005, EXCEPTION_ACCESS_VIOLATION (0xc0000005) at pc=0x00007ff893eda967]
VM state: not at safepoint (not fully initialized)

VM Mutex/Monitor currently owned by a thread:  ([mutex/lock_event])
[0x00007ff89474d460] Heap_lock - owner thread: 0x000001d218cdd720

Heap address: 0x0000000704a00000, size: 4022 MB, Compressed Oops mode: Zero based, Oop shift amount: 3

CDS archive(s) mapped at: [0x0000000000000000-0x0000000000000000-0x0000000000000000), size 0, SharedBaseAddress: 0x0000000800000000, ArchiveRelocationMode: 1.
Narrow klass base: 0x0000000000000000, Narrow klass shift: 0, Narrow klass range: 0x0

GC Precious Log:
 CardTable entry size: 512
 Card Set container configuration: InlinePtr #cards 4 size 8 Array Of Cards #cards 16 size 48 Howl #buckets 8 coarsen threshold 3686 Howl Bitmap #cards 512 size 80 coarsen threshold 460 Card regions per heap region 1 cards per card region 4096

Heap:
 garbage-first heap   total 0K, used 0K [0x0000000704a00000, 0x0000000800000000)
  region size 2048K, 0 young (0K), 0 survivors (0K)
 Metaspace       used 0K, committed 0K, reserved 0K
  class space    used 0K, committed 0K, reserved 0K

Heap Regions: E=young(eden), S=young(survivor), O=old, HS=humongous(starts), HC=humongous(continues), CS=collection set, F=free, TAMS=top-at-mark-start, PB=parsable bottom

Card table byte_map: [0x000001d22dc70000,0x000001d22e450000] _byte_map_base: 0x000001d22a44b000

Marking Bits: (CMBitMap*) 0x000001d21b0702c0
 Bits: [0x000001d22e450000, 0x000001d232328000)

GC Heap History (0 events):
No events

Dll operation events (1 events):
Event: 0.021 Loaded shared library C:\Program Files\Android\Android Studio\jbr\bin\java.dll

Deoptimization events (0 events):
No events

Classes loaded (0 events):
No events

Classes unloaded (0 events):
No events

Classes redefined (0 events):
No events

Internal exceptions (0 events):
No events

ZGC Phase Switch (0 events):
No events

VM Operations (0 events):
No events

Memory protections (0 events):
No events

Nmethod flushes (0 events):
No events

Events (0 events):
No events


Dynamic libraries:
0x00007ff6f0ec0000 - 0x00007ff6f0eca000 	C:\Program Files\Android\Android Studio\jbr\bin\java.exe
0x00007ff924dd0000 - 0x00007ff924fe7000 	C:\WINDOWS\SYSTEM32\ntdll.dll
0x00007ff923700000 - 0x00007ff9237c4000 	C:\WINDOWS\System32\KERNEL32.DLL
0x00007ff922260000 - 0x00007ff922632000 	C:\WINDOWS\System32\KERNELBASE.dll
0x00007ff921e90000 - 0x00007ff921fa1000 	C:\WINDOWS\System32\ucrtbase.dll
0x00007ff916d40000 - 0x00007ff916d5b000 	C:\Program Files\Android\Android Studio\jbr\bin\VCRUNTIME140.dll
0x00007ff8fb520000 - 0x00007ff8fb538000 	C:\Program Files\Android\Android Studio\jbr\bin\jli.dll
0x00007ff923300000 - 0x00007ff9234b1000 	C:\WINDOWS\System32\USER32.dll
0x00007ff90a5a0000 - 0x00007ff90a83b000 	C:\WINDOWS\WinSxS\amd64_microsoft.windows.common-controls_6595b64144ccf1df_6.0.22621.5547_none_27104afb73855772\COMCTL32.dll
0x00007ff921fb0000 - 0x00007ff921fd6000 	C:\WINDOWS\System32\win32u.dll
0x00007ff922b20000 - 0x00007ff922bc7000 	C:\WINDOWS\System32\msvcrt.dll
0x00007ff922d20000 - 0x00007ff922d49000 	C:\WINDOWS\System32\GDI32.dll
0x00007ff9228d0000 - 0x00007ff9229f3000 	C:\WINDOWS\System32\gdi32full.dll
0x00007ff922830000 - 0x00007ff9228ca000 	C:\WINDOWS\System32\msvcp_win.dll
0x00007ff922c80000 - 0x00007ff922cb1000 	C:\WINDOWS\System32\IMM32.DLL
0x00007ff91ab40000 - 0x00007ff91ab4c000 	C:\Program Files\Android\Android Studio\jbr\bin\vcruntime140_1.dll
0x00007ff8d6b30000 - 0x00007ff8d6bbd000 	C:\Program Files\Android\Android Studio\jbr\bin\msvcp140.dll
0x00007ff893ba0000 - 0x00007ff89482a000 	C:\Program Files\Android\Android Studio\jbr\bin\server\jvm.dll
0x00007ff9239e0000 - 0x00007ff923a91000 	C:\WINDOWS\System32\ADVAPI32.dll
0x00007ff922bd0000 - 0x00007ff922c78000 	C:\WINDOWS\System32\sechost.dll
0x00007ff922a00000 - 0x00007ff922a28000 	C:\WINDOWS\System32\bcrypt.dll
0x00007ff923540000 - 0x00007ff923654000 	C:\WINDOWS\System32\RPCRT4.dll
0x00007ff922e00000 - 0x00007ff922e71000 	C:\WINDOWS\System32\WS2_32.dll
0x00007ff91a940000 - 0x00007ff91a974000 	C:\WINDOWS\SYSTEM32\WINMM.dll
0x00007ff918200000 - 0x00007ff91820a000 	C:\WINDOWS\SYSTEM32\VERSION.dll
0x00007ff921690000 - 0x00007ff9216dd000 	C:\WINDOWS\SYSTEM32\POWRPROF.dll
0x00007ff921670000 - 0x00007ff921683000 	C:\WINDOWS\SYSTEM32\UMPDC.dll
0x00007ff920e80000 - 0x00007ff920e98000 	C:\WINDOWS\SYSTEM32\kernel.appcore.dll
0x00007ff918670000 - 0x00007ff91867a000 	C:\Program Files\Android\Android Studio\jbr\bin\jimage.dll
0x00007ff91f950000 - 0x00007ff91fb83000 	C:\WINDOWS\SYSTEM32\DBGHELP.DLL
0x00007ff923bd0000 - 0x00007ff923f63000 	C:\WINDOWS\System32\combase.dll
0x00007ff924b20000 - 0x00007ff924bf7000 	C:\WINDOWS\System32\OLEAUT32.dll
0x00007ff918680000 - 0x00007ff9186b2000 	C:\WINDOWS\SYSTEM32\dbgcore.DLL
0x00007ff9227b0000 - 0x00007ff92282b000 	C:\WINDOWS\System32\bcryptPrimitives.dll
0x00007ff916360000 - 0x00007ff916380000 	C:\Program Files\Android\Android Studio\jbr\bin\java.dll

dbghelp: loaded successfully - version: 4.0.5 - missing functions: none
symbol engine: initialized successfully - sym options: 0x614 - pdb path: .;C:\Program Files\Android\Android Studio\jbr\bin;C:\WINDOWS\SYSTEM32;C:\WINDOWS\WinSxS\amd64_microsoft.windows.common-controls_6595b64144ccf1df_6.0.22621.5547_none_27104afb73855772;C:\Program Files\Android\Android Studio\jbr\bin\server

VM Arguments:
java_command: org.jetbrains.kotlin.cli.jvm.K2JVMCompiler @D:\DATA\Belajar\Compose\AISCompose\aiscompose\app\build\20250724_1610739548074872532.compiler.options
java_class_path (initial): C:\Users\USER\.gradle\caches\modules-2\files-2.1\org.jetbrains.kotlin\kotlin-compiler-embeddable\1.9.24\78dab849090e6c5e2eadb6e59a11cdc28fb67a08\kotlin-compiler-embeddable-1.9.24.jar;C:\Users\USER\.gradle\caches\modules-2\files-2.1\org.jetbrains.kotlin\kotlin-stdlib\1.9.24\9928532f12c66ad816a625b3f9984f8368ca6d2b\kotlin-stdlib-1.9.24.jar;C:\Users\USER\.gradle\caches\modules-2\files-2.1\org.jetbrains.kotlin\kotlin-script-runtime\1.9.24\96771497da90fbc5af1c90fce148db2595a62502\kotlin-script-runtime-1.9.24.jar;C:\Users\USER\.gradle\caches\modules-2\files-2.1\org.jetbrains.kotlin\kotlin-reflect\1.6.10\1cbe9c92c12a94eea200d23c2bbaedaf3daf5132\kotlin-reflect-1.6.10.jar;C:\Users\USER\.gradle\caches\modules-2\files-2.1\org.jetbrains.kotlin\kotlin-daemon-embeddable\1.9.24\86685b9c5e8d170925bd9ddbdc263374a6a73281\kotlin-daemon-embeddable-1.9.24.jar;C:\Users\USER\.gradle\caches\modules-2\files-2.1\org.jetbrains.intellij.deps\trove4j\1.0.20200330\3afb14d5f9ceb459d724e907a21145e8ff394f02\trove4j-1.0.20200330.jar;C:\Users\USER\.gradle\caches\modules-2\files-2.1\org.jetbrains\annotations\13.0\919f0dfe192fb4e063e7dacadee7f8bb9a2672a9\annotations-13.0.jar
Launcher Type: SUN_STANDARD

[Global flags]
     intx CICompilerCount                          = 4                                         {product} {ergonomic}
     uint ConcGCThreads                            = 2                                         {product} {ergonomic}
     uint G1ConcRefinementThreads                  = 8                                         {product} {ergonomic}
   size_t G1HeapRegionSize                         = 2097152                                   {product} {ergonomic}
    uintx GCDrainStackTargetSize                   = 64                                        {product} {ergonomic}
   size_t InitialHeapSize                          = 264241152                                 {product} {ergonomic}
   size_t MarkStackSize                            = 4194304                                   {product} {ergonomic}
   size_t MaxHeapSize                              = 4217372672                                {product} {ergonomic}
   size_t MinHeapDeltaBytes                        = 2097152                                   {product} {ergonomic}
   size_t MinHeapSize                              = 8388608                                   {product} {ergonomic}
    uintx NonNMethodCodeHeapSize                   = 5839372                                {pd product} {ergonomic}
    uintx NonProfiledCodeHeapSize                  = 122909434                              {pd product} {ergonomic}
    uintx ProfiledCodeHeapSize                     = 122909434                              {pd product} {ergonomic}
    uintx ReservedCodeCacheSize                    = 251658240                              {pd product} {ergonomic}
     bool SegmentedCodeCache                       = true                                      {product} {ergonomic}
   size_t SoftMaxHeapSize                          = 4217372672                             {manageable} {ergonomic}
     bool UseCompressedOops                        = true                           {product lp64_product} {ergonomic}
     bool UseG1GC                                  = true                                      {product} {ergonomic}
     bool UseLargePagesIndividualAllocation        = false                                  {pd product} {ergonomic}

Logging:
Log output configuration:
 #0: stdout all=warning uptime,level,tags foldmultilines=false
 #1: stderr all=off uptime,level,tags foldmultilines=false

Environment Variables:
JAVA_HOME=C:\Program Files\Java\jdk-18.0.2.1
PATH=C:\Program Files\Common Files\Oracle\Java\javapath;C:\WINDOWS\system32;C:\WINDOWS;C:\WINDOWS\System32\Wbem;C:\WINDOWS\System32\WindowsPowerShell\v1.0\;C:\WINDOWS\System32\OpenSSH\;C:\Program Files\Git\cmd;C:\Program Files\Docker\Docker\resources\bin;C:\ProgramData\chocolatey\bin;C:\Program Files\nodejs\;C:\Program Files\dotnet\;C:\Program Files\Go\bin;C:\Program Files\PuTTY\;C:\Program Files\Java\jdk-18.0.2.1\bin;C:\Users\USER\AppData\Local\Programs\Python\Launcher\;C:\Users\USER\AppData\Local\Microsoft\WindowsApps;D:\PROGRAM\Program Files\Microsoft VS Code\bin;C:\Users\USER\AppData\Roaming\npm;C:\Program Files\nodejs;C:\Users\USER\AppData\Local\Android\Sdk\platform-tools;C:\Users\USER\.dotnet\tools;C:\Users\USER\go\bin;C:\Users\USER\AppData\Local\Programs\Python\Python313\Scripts;C:\Program Files (x86)\Nmap
USERNAME=USER
OS=Windows_NT
PROCESSOR_IDENTIFIER=Intel64 Family 6 Model 140 Stepping 1, GenuineIntel
TMP=C:\Users\USER\AppData\Local\Temp
TEMP=C:\Users\USER\AppData\Local\Temp




Periodic native trim disabled

JNI global refs:
JNI global refs: 0, weak refs: 0

JNI global refs memory usage: 0, weak refs: 0

Process memory usage:
Resident Set Size: 11800K (0% of 16466216K total physical memory with 746568K free physical memory)

OOME stack traces (most recent first):
Classloader memory used:

---------------  S Y S T E M  ---------------

OS:
 Windows 11 , 64 bit Build 22621 (10.0.22621.5415)
OS uptime: 0 days 16:12 hours
Hyper-V role detected

CPU: total 8 (initial active 8) (4 cores per cpu, 2 threads per core) family 6 model 140 stepping 1 microcode 0xae, cx8, cmov, fxsr, ht, mmx, 3dnowpref, sse, sse2, sse3, ssse3, sse4.1, sse4.2, popcnt, lzcnt, tsc, tscinvbit, avx, avx2, aes, erms, clmul, bmi1, bmi2, adx, avx512f, avx512dq, avx512cd, avx512bw, avx512vl, sha, fma, vzeroupper, avx512_vpopcntdq, avx512_vpclmulqdq, avx512_vaes, avx512_vnni, clflush, clflushopt, clwb, avx512_vbmi2, avx512_vbmi, hv, rdtscp, rdpid, fsrm, gfni, avx512_bitalg, f16c, cet_ibt, cet_ss, avx512_ifma
Processor Information for all 8 processors :
  Max Mhz: 2803, Current Mhz: 2803, Mhz Limit: 2803

Memory: 4k page, system-wide physical 16080M (729M free)
TotalPageFile size 18128M (AvailPageFile size 101M)
current process WorkingSet (physical memory assigned to process): 11M, peak: 11M
current process commit charge ("private bytes"): 60M, peak: 312M

vm_info: OpenJDK 64-Bit Server VM (21.0.5+-13047016-b750.29) for windows-amd64 JRE (21.0.5+-13047016-b750.29), built on 2025-02-11T21:12:39Z by "builder" with MS VC++ 16.10 / 16.11 (VS2019)

END.
